<?xml version="1.0" encoding="UTF-8"?>
<testsuite name="org.mule.example.billestore.BillestoreTestCase" time="12.415" tests="2" errors="0" skipped="0" failures="0">
  <properties>
    <property name="java.runtime.name" value="Java(TM) SE Runtime Environment"/>
    <property name="sun.boot.library.path" value="/usr/lib/jvm/java-1.6.0-sun-1.6.0.14/jre/lib/i386"/>
    <property name="java.vm.version" value="14.0-b16"/>
    <property name="java.vm.vendor" value="Sun Microsystems Inc."/>
    <property name="java.vendor.url" value="http://java.sun.com/"/>
    <property name="path.separator" value=":"/>
    <property name="guice.disable.misplaced.annotation.check" value="true"/>
    <property name="java.vm.name" value="Java HotSpot(TM) Server VM"/>
    <property name="file.encoding.pkg" value="sun.io"/>
    <property name="user.country" value="US"/>
    <property name="sun.java.launcher" value="SUN_STANDARD"/>
    <property name="sun.os.patch.level" value="unknown"/>
    <property name="java.vm.specification.name" value="Java Virtual Machine Specification"/>
    <property name="user.dir" value="/home/samirdouichi/Desktop/muleESB-blog/billestore"/>
    <property name="java.runtime.version" value="1.6.0_14-b08"/>
    <property name="java.awt.graphicsenv" value="sun.awt.X11GraphicsEnvironment"/>
    <property name="java.endorsed.dirs" value="/usr/lib/jvm/java-1.6.0-sun-1.6.0.14/jre/lib/endorsed"/>
    <property name="os.arch" value="i386"/>
    <property name="java.io.tmpdir" value="/tmp"/>
    <property name="line.separator" value="&#10;"/>
    <property name="java.vm.specification.vendor" value="Sun Microsystems Inc."/>
    <property name="os.name" value="Linux"/>
    <property name="classworlds.conf" value="/home/samirdouichi/workBench/.metadata/.plugins/org.eclipse.m2e.launching/launches/m2conf6414363722287722285.tmp"/>
    <property name="sun.jnu.encoding" value="UTF-8"/>
    <property name="java.library.path" value="/usr/lib/jvm/java-1.6.0-sun-1.6.0.14/jre/lib/i386/server:/usr/lib/jvm/java-1.6.0-sun-1.6.0.14/jre/lib/i386:/usr/lib/jvm/java-1.6.0-sun-1.6.0.14/jre/../lib/i386:/usr/lib/jvm/java-1.6.0-sun-1.6.0.14/jre/lib/i386/client:/usr/lib/jvm/java-1.6.0-sun-1.6.0.14/jre/lib/i386::/usr/java/packages/lib/i386:/lib:/usr/lib"/>
    <property name="java.specification.name" value="Java Platform API Specification"/>
    <property name="java.class.version" value="50.0"/>
    <property name="sun.management.compiler" value="HotSpot Tiered Compilers"/>
    <property name="os.version" value="2.6.32-279.5.2.el6.i686"/>
    <property name="user.home" value="/root"/>
    <property name="user.timezone" value="GMT-05:00"/>
    <property name="java.awt.printerjob" value="sun.print.PSPrinterJob"/>
    <property name="file.encoding" value="UTF-8"/>
    <property name="java.specification.version" value="1.6"/>
    <property name="user.name" value="root"/>
    <property name="java.class.path" value="/opt/virgo/springsource/sts-3.4.0.RELEASE/configuration/org.eclipse.osgi/bundles/575/1/.cp/jars/plexus-classworlds-2.4.jar"/>
    <property name="java.vm.specification.version" value="1.0"/>
    <property name="sun.arch.data.model" value="32"/>
    <property name="java.home" value="/usr/lib/jvm/java-1.6.0-sun-1.6.0.14/jre"/>
    <property name="java.specification.vendor" value="Sun Microsystems Inc."/>
    <property name="user.language" value="en"/>
    <property name="java.vm.info" value="mixed mode"/>
    <property name="java.version" value="1.6.0_14"/>
    <property name="java.ext.dirs" value="/usr/lib/jvm/java-1.6.0-sun-1.6.0.14/jre/lib/ext:/usr/java/packages/lib/ext"/>
    <property name="securerandom.source" value="file:/dev/./urandom"/>
    <property name="sun.boot.class.path" value="/usr/lib/jvm/java-1.6.0-sun-1.6.0.14/jre/lib/resources.jar:/usr/lib/jvm/java-1.6.0-sun-1.6.0.14/jre/lib/rt.jar:/usr/lib/jvm/java-1.6.0-sun-1.6.0.14/jre/lib/sunrsasign.jar:/usr/lib/jvm/java-1.6.0-sun-1.6.0.14/jre/lib/jsse.jar:/usr/lib/jvm/java-1.6.0-sun-1.6.0.14/jre/lib/jce.jar:/usr/lib/jvm/java-1.6.0-sun-1.6.0.14/jre/lib/charsets.jar:/usr/lib/jvm/java-1.6.0-sun-1.6.0.14/jre/classes"/>
    <property name="java.vendor" value="Sun Microsystems Inc."/>
    <property name="maven.home" value="/home/samirdouichi/Desktop/muleESB-blog/billestore/EMBEDDED"/>
    <property name="file.separator" value="/"/>
    <property name="java.vendor.url.bug" value="http://java.sun.com/cgi-bin/bugreport.cgi"/>
    <property name="maven.bootclasspath" value="/opt/virgo/springsource/sts-3.4.0.RELEASE/configuration/org.eclipse.osgi/bundles/575/1/.cp/jars/plexus-classworlds-2.4.jar"/>
    <property name="sun.cpu.endian" value="little"/>
    <property name="sun.io.unicode.encoding" value="UnicodeLittle"/>
    <property name="sun.desktop" value="gnome"/>
    <property name="sun.cpu.isalist" value=""/>
  </properties>
  <testcase name="testGetBilles" classname="org.mule.example.billestore.BillestoreTestCase" time="9.626"/>
  <testcase name="testOrderBille" classname="org.mule.example.billestore.BillestoreTestCase" time="2.789"/>
</testsuite>